MODULE: Adding module /shared/modulefiles-tools/python/anaconda-3.7

# -- diagnostic data --

iso1_HCN_ccsdt_ccpvtz.inp

/scratch/agSchreiner/ruthm/140017/cfour_iso1_HCN.iso1_HCN_ccsdt_ccpvtz

/home/orgChemistry/bin/cfour_v21/bin/xcfour

1

24

/home/orgChemistry/bin/cfour_v21/bin:/home/orgChemistry/init:/home/agSchreiner/quanzh/.local/bin:/home/orgChemistry/init:/home/agSchreiner/quanzh/.local/bin:/shared/apps/python/anaconda-py3.7/bin:/usr/local/bin:/usr/bin:/usr/local/sbin:/usr/sbin:/shared/apps/slurm_wrappers:/shared/apps/slurm/current/bin:/home/agSchreiner/ruthm/scripts:/home/agSchreiner/ruthm/.local/bin:/home/agSchreiner/ruthm/bin:/home/agSchreiner/ruthm/scripts

/shared/apps/intel/2019/compilers_and_libraries_2019.0.117/linux/compiler/lib/intel64_lin:/shared/apps/intel/2019/compilers_and_libraries_2019.0.117/linux/mkl/lib/intel64_lin:/shared/apps/python/anaconda-py3.7/lib:/shared/apps/slurm/current/lib

#-----#

# copied:     file iso1_HCN_ccsdt_ccpvtz.inp to folder /scratch/agSchreiner/ruthm/140017/cfour_iso1_HCN.iso1_HCN_ccsdt_ccpvtz
# copied:     basis set files to folder /scratch/agSchreiner/ruthm/140017/cfour_iso1_HCN.iso1_HCN_ccsdt_ccpvtz
# copied:     iso1_HCN_ccsdt_ccpvtz.out to /home/agSchreiner/ruthm/scr/Spezi_Bastian/Aminohydroxycarben_marcel/Computations/isomers/CCSDT/iso1_HCN
# renamed:    file FCMFINAL to iso1_HCN_ccsdt_ccpvtz.FCMFINAL
# added:      file iso1_HCN_ccsdt_ccpvtz.FCMFINAL to archive iso1_HCN_ccsdt_ccpvtz.tar
# renamed:    file FCMINT to iso1_HCN_ccsdt_ccpvtz.FCMINT
# added:      file iso1_HCN_ccsdt_ccpvtz.FCMINT to archive iso1_HCN_ccsdt_ccpvtz.tar
# renamed:    file JOBARC to iso1_HCN_ccsdt_ccpvtz.JOBARC
# added:      file iso1_HCN_ccsdt_ccpvtz.JOBARC to archive iso1_HCN_ccsdt_ccpvtz.tar
# renamed:    file JAINDX to iso1_HCN_ccsdt_ccpvtz.JAINDX
# added:      file iso1_HCN_ccsdt_ccpvtz.JAINDX to archive iso1_HCN_ccsdt_ccpvtz.tar
# renamed:    file OPTARC to iso1_HCN_ccsdt_ccpvtz.OPTARC
# added:      file iso1_HCN_ccsdt_ccpvtz.OPTARC to archive iso1_HCN_ccsdt_ccpvtz.tar
# renamed:    file MOLDEN to iso1_HCN_ccsdt_ccpvtz.MOLDEN
# added:      file iso1_HCN_ccsdt_ccpvtz.MOLDEN to archive iso1_HCN_ccsdt_ccpvtz.tar
# renamed:    file ZMATnew to iso1_HCN_ccsdt_ccpvtz.ZMATnew
# added:      file iso1_HCN_ccsdt_ccpvtz.ZMATnew to archive iso1_HCN_ccsdt_ccpvtz.tar
# compressed: archive iso1_HCN_ccsdt_ccpvtz.tar to iso1_HCN_ccsdt_ccpvtz.tar.gz
# copied:     archive iso1_HCN_ccsdt_ccpvtz.tar.gz to folder /home/agSchreiner/ruthm/scr/Spezi_Bastian/Aminohydroxycarben_marcel/Computations/isomers/CCSDT/iso1_HCN
